{"/Users/ikims/Code/Project/Fac Website/src/componenents/Form/Form.tsx": {"path":"/Users/ikims/Code/Project/Fac Website/src/componenents/Form/Form.tsx","all":false,"statementMap":{"0":{"start":{"line":1,"column":0},"end":{"line":1,"column":54}},"1":{"start":{"line":2,"column":0},"end":{"line":2,"column":22}},"2":{"start":{"line":3,"column":0},"end":{"line":3,"column":31}},"3":{"start":{"line":4,"column":0},"end":{"line":4,"column":40}},"4":{"start":{"line":5,"column":0},"end":{"line":5,"column":1}},"5":{"start":{"line":6,"column":0},"end":{"line":6,"column":0}},"6":{"start":{"line":7,"column":0},"end":{"line":7,"column":17}},"7":{"start":{"line":8,"column":0},"end":{"line":8,"column":24}},"8":{"start":{"line":9,"column":0},"end":{"line":9,"column":28}},"9":{"start":{"line":10,"column":0},"end":{"line":10,"column":1}},"10":{"start":{"line":11,"column":0},"end":{"line":11,"column":50}},"11":{"start":{"line":12,"column":0},"end":{"line":12,"column":49}},"12":{"start":{"line":13,"column":0},"end":{"line":13,"column":39}},"13":{"start":{"line":14,"column":0},"end":{"line":14,"column":0}},"14":{"start":{"line":15,"column":0},"end":{"line":15,"column":62}},"15":{"start":{"line":16,"column":0},"end":{"line":16,"column":23}},"16":{"start":{"line":17,"column":0},"end":{"line":17,"column":62}},"17":{"start":{"line":18,"column":0},"end":{"line":18,"column":21}},"18":{"start":{"line":19,"column":0},"end":{"line":19,"column":48}},"19":{"start":{"line":20,"column":0},"end":{"line":20,"column":30}},"20":{"start":{"line":21,"column":0},"end":{"line":21,"column":4}},"21":{"start":{"line":22,"column":0},"end":{"line":22,"column":0}},"22":{"start":{"line":23,"column":0},"end":{"line":23,"column":61}},"23":{"start":{"line":24,"column":0},"end":{"line":24,"column":40}},"24":{"start":{"line":25,"column":0},"end":{"line":25,"column":56}},"25":{"start":{"line":26,"column":0},"end":{"line":26,"column":30}},"26":{"start":{"line":27,"column":0},"end":{"line":27,"column":35}},"27":{"start":{"line":28,"column":0},"end":{"line":28,"column":4}},"28":{"start":{"line":29,"column":0},"end":{"line":29,"column":0}},"29":{"start":{"line":30,"column":0},"end":{"line":30,"column":10}},"30":{"start":{"line":31,"column":0},"end":{"line":31,"column":27}},"31":{"start":{"line":32,"column":0},"end":{"line":32,"column":35}},"32":{"start":{"line":33,"column":0},"end":{"line":33,"column":44}},"33":{"start":{"line":34,"column":0},"end":{"line":34,"column":18}},"34":{"start":{"line":35,"column":0},"end":{"line":35,"column":48}},"35":{"start":{"line":36,"column":0},"end":{"line":36,"column":20}},"36":{"start":{"line":37,"column":0},"end":{"line":37,"column":28}},"37":{"start":{"line":38,"column":0},"end":{"line":38,"column":29}},"38":{"start":{"line":39,"column":0},"end":{"line":39,"column":25}},"39":{"start":{"line":40,"column":0},"end":{"line":40,"column":24}},"40":{"start":{"line":41,"column":0},"end":{"line":41,"column":27}},"41":{"start":{"line":42,"column":0},"end":{"line":42,"column":47}},"42":{"start":{"line":43,"column":0},"end":{"line":43,"column":16}},"43":{"start":{"line":44,"column":0},"end":{"line":44,"column":63}},"44":{"start":{"line":45,"column":0},"end":{"line":45,"column":33}},"45":{"start":{"line":46,"column":0},"end":{"line":46,"column":22}},"46":{"start":{"line":47,"column":0},"end":{"line":47,"column":17}},"47":{"start":{"line":48,"column":0},"end":{"line":48,"column":12}},"48":{"start":{"line":49,"column":0},"end":{"line":49,"column":11}},"49":{"start":{"line":50,"column":0},"end":{"line":50,"column":11}},"50":{"start":{"line":51,"column":0},"end":{"line":51,"column":0}},"51":{"start":{"line":52,"column":0},"end":{"line":52,"column":21}},"52":{"start":{"line":53,"column":0},"end":{"line":53,"column":65}},"53":{"start":{"line":54,"column":0},"end":{"line":54,"column":11}},"54":{"start":{"line":55,"column":0},"end":{"line":55,"column":71}},"55":{"start":{"line":56,"column":0},"end":{"line":56,"column":14}},"56":{"start":{"line":57,"column":0},"end":{"line":57,"column":17}},"57":{"start":{"line":58,"column":0},"end":{"line":58,"column":8}},"58":{"start":{"line":59,"column":0},"end":{"line":59,"column":11}},"59":{"start":{"line":60,"column":0},"end":{"line":60,"column":4}},"60":{"start":{"line":61,"column":0},"end":{"line":61,"column":2}},"61":{"start":{"line":62,"column":0},"end":{"line":62,"column":0}},"62":{"start":{"line":63,"column":0},"end":{"line":63,"column":53}},"63":{"start":{"line":64,"column":0},"end":{"line":64,"column":55}},"64":{"start":{"line":65,"column":0},"end":{"line":65,"column":2}},"65":{"start":{"line":66,"column":0},"end":{"line":66,"column":0}},"66":{"start":{"line":67,"column":0},"end":{"line":67,"column":40}},"67":{"start":{"line":68,"column":0},"end":{"line":68,"column":15}},"68":{"start":{"line":69,"column":0},"end":{"line":69,"column":15}},"69":{"start":{"line":70,"column":0},"end":{"line":70,"column":49}},"70":{"start":{"line":71,"column":0},"end":{"line":71,"column":15}},"71":{"start":{"line":72,"column":0},"end":{"line":72,"column":2}},"72":{"start":{"line":73,"column":0},"end":{"line":73,"column":0}},"73":{"start":{"line":74,"column":0},"end":{"line":74,"column":20}}},"s":{"0":1,"1":1,"2":1,"3":1,"4":1,"5":1,"6":1,"7":1,"8":1,"9":1,"10":1,"11":18,"12":18,"13":18,"14":18,"15":4,"16":4,"17":4,"18":4,"19":4,"20":18,"21":18,"22":18,"23":8,"24":8,"25":8,"26":8,"27":18,"28":18,"29":18,"30":18,"31":18,"32":18,"33":32,"34":32,"35":32,"36":32,"37":32,"38":32,"39":32,"40":32,"41":32,"42":32,"43":32,"44":32,"45":32,"46":32,"47":32,"48":18,"49":18,"50":18,"51":18,"52":0,"53":18,"54":18,"55":18,"56":18,"57":18,"58":18,"59":18,"60":18,"61":1,"62":1,"63":32,"64":32,"65":1,"66":1,"67":32,"68":32,"69":32,"70":32,"71":32,"72":1,"73":1},"branchMap":{"0":{"type":"branch","line":11,"loc":{"start":{"line":11,"column":13},"end":{"line":61,"column":2}},"locations":[{"start":{"line":11,"column":13},"end":{"line":61,"column":2}}]},"1":{"type":"branch","line":52,"loc":{"start":{"line":52,"column":18},"end":{"line":53,"column":65}},"locations":[{"start":{"line":52,"column":18},"end":{"line":53,"column":65}}]},"2":{"type":"branch","line":15,"loc":{"start":{"line":15,"column":23},"end":{"line":21,"column":3}},"locations":[{"start":{"line":15,"column":23},"end":{"line":21,"column":3}}]},"3":{"type":"branch","line":23,"loc":{"start":{"line":23,"column":22},"end":{"line":28,"column":3}},"locations":[{"start":{"line":23,"column":22},"end":{"line":28,"column":3}}]},"4":{"type":"branch","line":33,"loc":{"start":{"line":33,"column":34},"end":{"line":49,"column":9}},"locations":[{"start":{"line":33,"column":34},"end":{"line":49,"column":9}}]},"5":{"type":"branch","line":63,"loc":{"start":{"line":63,"column":32},"end":{"line":65,"column":2}},"locations":[{"start":{"line":63,"column":32},"end":{"line":65,"column":2}}]},"6":{"type":"branch","line":67,"loc":{"start":{"line":67,"column":19},"end":{"line":72,"column":2}},"locations":[{"start":{"line":67,"column":19},"end":{"line":72,"column":2}}]},"7":{"type":"branch","line":70,"loc":{"start":{"line":70,"column":9},"end":{"line":70,"column":48}},"locations":[{"start":{"line":70,"column":9},"end":{"line":70,"column":48}}]}},"b":{"0":[18],"1":[0],"2":[4],"3":[8],"4":[32],"5":[32],"6":[32],"7":[32]},"fnMap":{"0":{"name":"Form","decl":{"start":{"line":11,"column":13},"end":{"line":61,"column":2}},"loc":{"start":{"line":11,"column":13},"end":{"line":61,"column":2}},"line":11},"1":{"name":"handleSubmit","decl":{"start":{"line":15,"column":23},"end":{"line":21,"column":3}},"loc":{"start":{"line":15,"column":23},"end":{"line":21,"column":3}},"line":15},"2":{"name":"handleClick","decl":{"start":{"line":23,"column":22},"end":{"line":28,"column":3}},"loc":{"start":{"line":23,"column":22},"end":{"line":28,"column":3}},"line":23},"3":{"name":"upperCaseTheFirstLetter","decl":{"start":{"line":63,"column":32},"end":{"line":65,"column":2}},"loc":{"start":{"line":63,"column":32},"end":{"line":65,"column":2}},"line":63},"4":{"name":"capitilize","decl":{"start":{"line":67,"column":19},"end":{"line":72,"column":2}},"loc":{"start":{"line":67,"column":19},"end":{"line":72,"column":2}},"line":67}},"f":{"0":18,"1":4,"2":8,"3":32,"4":32}}
,"/Users/ikims/Code/Project/Fac Website/src/componenents/ToogleList/ToogleList.tsx": {"path":"/Users/ikims/Code/Project/Fac Website/src/componenents/ToogleList/ToogleList.tsx","all":false,"statementMap":{"0":{"start":{"line":1,"column":0},"end":{"line":1,"column":54}},"1":{"start":{"line":2,"column":0},"end":{"line":2,"column":28}},"2":{"start":{"line":3,"column":0},"end":{"line":3,"column":22}},"3":{"start":{"line":4,"column":0},"end":{"line":4,"column":25}},"4":{"start":{"line":5,"column":0},"end":{"line":5,"column":16}},"5":{"start":{"line":6,"column":0},"end":{"line":6,"column":26}},"6":{"start":{"line":7,"column":0},"end":{"line":7,"column":48}},"7":{"start":{"line":8,"column":0},"end":{"line":8,"column":1}},"8":{"start":{"line":9,"column":0},"end":{"line":9,"column":0}},"9":{"start":{"line":10,"column":0},"end":{"line":10,"column":17}},"10":{"start":{"line":11,"column":0},"end":{"line":11,"column":39}},"11":{"start":{"line":12,"column":0},"end":{"line":12,"column":1}},"12":{"start":{"line":13,"column":0},"end":{"line":13,"column":0}},"13":{"start":{"line":14,"column":0},"end":{"line":14,"column":45}},"14":{"start":{"line":15,"column":0},"end":{"line":15,"column":67}},"15":{"start":{"line":16,"column":0},"end":{"line":16,"column":0}},"16":{"start":{"line":17,"column":0},"end":{"line":17,"column":64}},"17":{"start":{"line":18,"column":0},"end":{"line":18,"column":43}},"18":{"start":{"line":19,"column":0},"end":{"line":19,"column":55}},"19":{"start":{"line":20,"column":0},"end":{"line":20,"column":6}},"20":{"start":{"line":21,"column":0},"end":{"line":21,"column":4}},"21":{"start":{"line":22,"column":0},"end":{"line":22,"column":24}},"22":{"start":{"line":23,"column":0},"end":{"line":23,"column":10}},"23":{"start":{"line":24,"column":0},"end":{"line":24,"column":41}},"24":{"start":{"line":25,"column":0},"end":{"line":25,"column":55}},"25":{"start":{"line":26,"column":0},"end":{"line":26,"column":44}},"26":{"start":{"line":27,"column":0},"end":{"line":27,"column":46}},"27":{"start":{"line":28,"column":0},"end":{"line":28,"column":60}},"28":{"start":{"line":29,"column":0},"end":{"line":29,"column":10}},"29":{"start":{"line":30,"column":0},"end":{"line":30,"column":8}},"30":{"start":{"line":31,"column":0},"end":{"line":31,"column":10}},"31":{"start":{"line":32,"column":0},"end":{"line":32,"column":4}},"32":{"start":{"line":33,"column":0},"end":{"line":33,"column":2}},"33":{"start":{"line":34,"column":0},"end":{"line":34,"column":0}},"34":{"start":{"line":35,"column":0},"end":{"line":35,"column":26}}},"s":{"0":1,"1":1,"2":1,"3":1,"4":1,"5":1,"6":1,"7":1,"8":1,"9":1,"10":1,"11":1,"12":1,"13":1,"14":17,"15":17,"16":17,"17":0,"18":0,"19":0,"20":17,"21":17,"22":17,"23":17,"24":17,"25":80,"26":80,"27":80,"28":80,"29":17,"30":17,"31":17,"32":17,"33":1,"34":1},"branchMap":{"0":{"type":"branch","line":14,"loc":{"start":{"line":14,"column":19},"end":{"line":33,"column":2}},"locations":[{"start":{"line":14,"column":19},"end":{"line":33,"column":2}}]},"1":{"type":"branch","line":25,"loc":{"start":{"line":25,"column":36},"end":{"line":29,"column":10}},"locations":[{"start":{"line":25,"column":36},"end":{"line":29,"column":10}}]}},"b":{"0":[17],"1":[80]},"fnMap":{"0":{"name":"ToogleList","decl":{"start":{"line":14,"column":19},"end":{"line":33,"column":2}},"loc":{"start":{"line":14,"column":19},"end":{"line":33,"column":2}},"line":14},"1":{"name":"handleClickOnToogleChapter","decl":{"start":{"line":17,"column":37},"end":{"line":21,"column":3}},"loc":{"start":{"line":17,"column":37},"end":{"line":21,"column":3}},"line":17}},"f":{"0":17,"1":0}}
,"/Users/ikims/Code/Project/Fac Website/src/componenents/ToogleList/ToogleListItem/ToogleListItem.tsx": {"path":"/Users/ikims/Code/Project/Fac Website/src/componenents/ToogleList/ToogleListItem/ToogleListItem.tsx","all":false,"statementMap":{"0":{"start":{"line":1,"column":0},"end":{"line":1,"column":44}},"1":{"start":{"line":2,"column":0},"end":{"line":2,"column":83}},"2":{"start":{"line":3,"column":0},"end":{"line":3,"column":0}},"3":{"start":{"line":4,"column":0},"end":{"line":4,"column":17}},"4":{"start":{"line":5,"column":0},"end":{"line":5,"column":22}},"5":{"start":{"line":6,"column":0},"end":{"line":6,"column":28}},"6":{"start":{"line":7,"column":0},"end":{"line":7,"column":16}},"7":{"start":{"line":8,"column":0},"end":{"line":8,"column":27}},"8":{"start":{"line":9,"column":0},"end":{"line":9,"column":49}},"9":{"start":{"line":10,"column":0},"end":{"line":10,"column":1}},"10":{"start":{"line":11,"column":0},"end":{"line":11,"column":25}},"11":{"start":{"line":12,"column":0},"end":{"line":12,"column":8}},"12":{"start":{"line":13,"column":0},"end":{"line":13,"column":8}},"13":{"start":{"line":14,"column":0},"end":{"line":14,"column":11}},"14":{"start":{"line":15,"column":0},"end":{"line":15,"column":18}},"15":{"start":{"line":16,"column":0},"end":{"line":16,"column":24}},"16":{"start":{"line":17,"column":0},"end":{"line":17,"column":14}},"17":{"start":{"line":18,"column":0},"end":{"line":18,"column":75}},"18":{"start":{"line":19,"column":0},"end":{"line":19,"column":55}},"19":{"start":{"line":20,"column":0},"end":{"line":20,"column":0}},"20":{"start":{"line":21,"column":0},"end":{"line":21,"column":10}},"21":{"start":{"line":22,"column":0},"end":{"line":22,"column":6}},"22":{"start":{"line":23,"column":0},"end":{"line":23,"column":78}},"23":{"start":{"line":24,"column":0},"end":{"line":24,"column":10}},"24":{"start":{"line":25,"column":0},"end":{"line":25,"column":47}},"25":{"start":{"line":26,"column":0},"end":{"line":26,"column":24}},"26":{"start":{"line":27,"column":0},"end":{"line":27,"column":58}},"27":{"start":{"line":28,"column":0},"end":{"line":28,"column":25}},"28":{"start":{"line":29,"column":0},"end":{"line":29,"column":74}},"29":{"start":{"line":30,"column":0},"end":{"line":30,"column":15}},"30":{"start":{"line":31,"column":0},"end":{"line":31,"column":14}},"31":{"start":{"line":32,"column":0},"end":{"line":32,"column":40}},"32":{"start":{"line":33,"column":0},"end":{"line":33,"column":58}},"33":{"start":{"line":34,"column":0},"end":{"line":34,"column":15}},"34":{"start":{"line":35,"column":0},"end":{"line":35,"column":16}},"35":{"start":{"line":36,"column":0},"end":{"line":36,"column":49}},"36":{"start":{"line":37,"column":0},"end":{"line":37,"column":11}},"37":{"start":{"line":38,"column":0},"end":{"line":38,"column":12}},"38":{"start":{"line":39,"column":0},"end":{"line":39,"column":7}},"39":{"start":{"line":40,"column":0},"end":{"line":40,"column":4}},"40":{"start":{"line":41,"column":0},"end":{"line":41,"column":2}},"41":{"start":{"line":42,"column":0},"end":{"line":42,"column":0}},"42":{"start":{"line":43,"column":0},"end":{"line":43,"column":30}}},"s":{"0":1,"1":1,"2":1,"3":1,"4":1,"5":1,"6":1,"7":1,"8":1,"9":1,"10":1,"11":81,"12":81,"13":81,"14":81,"15":81,"16":81,"17":81,"18":81,"19":80,"20":80,"21":80,"22":80,"23":80,"24":80,"25":80,"26":80,"27":80,"28":81,"29":81,"30":81,"31":81,"32":81,"33":81,"34":81,"35":81,"36":81,"37":81,"38":81,"39":81,"40":81,"41":1,"42":1},"branchMap":{"0":{"type":"branch","line":11,"loc":{"start":{"line":11,"column":23},"end":{"line":41,"column":2}},"locations":[{"start":{"line":11,"column":23},"end":{"line":41,"column":2}}]},"1":{"type":"branch","line":18,"loc":{"start":{"line":18,"column":41},"end":{"line":18,"column":74}},"locations":[{"start":{"line":18,"column":41},"end":{"line":18,"column":74}}]},"2":{"type":"branch","line":19,"loc":{"start":{"line":19,"column":4},"end":{"line":19,"column":55}},"locations":[{"start":{"line":19,"column":4},"end":{"line":19,"column":55}}]},"3":{"type":"branch","line":20,"loc":{"start":{"line":20,"column":-1},"end":{"line":29,"column":41}},"locations":[{"start":{"line":20,"column":-1},"end":{"line":29,"column":41}}]},"4":{"type":"branch","line":29,"loc":{"start":{"line":29,"column":41},"end":{"line":29,"column":69}},"locations":[{"start":{"line":29,"column":41},"end":{"line":29,"column":69}}]},"5":{"type":"branch","line":29,"loc":{"start":{"line":29,"column":70},"end":{"line":29,"column":74}},"locations":[{"start":{"line":29,"column":70},"end":{"line":29,"column":74}}]},"6":{"type":"branch","line":36,"loc":{"start":{"line":36,"column":36},"end":{"line":36,"column":48}},"locations":[{"start":{"line":36,"column":36},"end":{"line":36,"column":48}}]}},"b":{"0":[81],"1":[80],"2":[0],"3":[80],"4":[0],"5":[80],"6":[0]},"fnMap":{"0":{"name":"ToogleListItem","decl":{"start":{"line":11,"column":23},"end":{"line":41,"column":2}},"loc":{"start":{"line":11,"column":23},"end":{"line":41,"column":2}},"line":11},"1":{"name":"onClick","decl":{"start":{"line":27,"column":23},"end":{"line":27,"column":57}},"loc":{"start":{"line":27,"column":23},"end":{"line":27,"column":57}},"line":27},"2":{"name":"onClick","decl":{"start":{"line":33,"column":23},"end":{"line":33,"column":57}},"loc":{"start":{"line":33,"column":23},"end":{"line":33,"column":57}},"line":33}},"f":{"0":81,"1":0,"2":0}}
,"/Users/ikims/Code/Project/Fac Website/src/componenents/ToogleList/ToogleListItem/index.tsx": {"path":"/Users/ikims/Code/Project/Fac Website/src/componenents/ToogleList/ToogleListItem/index.tsx","all":false,"statementMap":{"0":{"start":{"line":1,"column":0},"end":{"line":1,"column":43}}},"s":{"0":1},"branchMap":{"0":{"type":"branch","line":1,"loc":{"start":{"line":1,"column":9},"end":{"line":1,"column":43}},"locations":[{"start":{"line":1,"column":9},"end":{"line":1,"column":43}}]}},"b":{"0":[40]},"fnMap":{"0":{"name":"get","decl":{"start":{"line":1,"column":9},"end":{"line":1,"column":43}},"loc":{"start":{"line":1,"column":9},"end":{"line":1,"column":43}},"line":1}},"f":{"0":40}}
}
