TN:
SF:src/componenents/Form/Form.tsx
FN:11,Form
FN:15,handleSubmit
FN:23,handleClick
FN:63,upperCaseTheFirstLetter
FN:67,capitilize
FNF:5
FNH:5
FNDA:18,Form
FNDA:4,handleSubmit
FNDA:8,handleClick
FNDA:32,upperCaseTheFirstLetter
FNDA:32,capitilize
DA:1,1
DA:2,1
DA:3,1
DA:4,1
DA:5,1
DA:6,1
DA:7,1
DA:8,1
DA:9,1
DA:10,1
DA:11,1
DA:12,18
DA:13,18
DA:14,18
DA:15,18
DA:16,4
DA:17,4
DA:18,4
DA:19,4
DA:20,4
DA:21,18
DA:22,18
DA:23,18
DA:24,8
DA:25,8
DA:26,8
DA:27,8
DA:28,18
DA:29,18
DA:30,18
DA:31,18
DA:32,18
DA:33,18
DA:34,32
DA:35,32
DA:36,32
DA:37,32
DA:38,32
DA:39,32
DA:40,32
DA:41,32
DA:42,32
DA:43,32
DA:44,32
DA:45,32
DA:46,32
DA:47,32
DA:48,32
DA:49,18
DA:50,18
DA:51,18
DA:52,18
DA:53,0
DA:54,18
DA:55,18
DA:56,18
DA:57,18
DA:58,18
DA:59,18
DA:60,18
DA:61,18
DA:62,1
DA:63,1
DA:64,32
DA:65,32
DA:66,1
DA:67,1
DA:68,32
DA:69,32
DA:70,32
DA:71,32
DA:72,32
DA:73,1
DA:74,1
LF:74
LH:73
BRDA:11,0,0,18
BRDA:52,1,0,0
BRDA:15,2,0,4
BRDA:23,3,0,8
BRDA:33,4,0,32
BRDA:63,5,0,32
BRDA:67,6,0,32
BRDA:70,7,0,32
BRF:8
BRH:7
end_of_record
TN:
SF:src/componenents/ToogleList/ToogleList.tsx
FN:14,ToogleList
FN:17,handleClickOnToogleChapter
FNF:2
FNH:1
FNDA:17,ToogleList
FNDA:0,handleClickOnToogleChapter
DA:1,1
DA:2,1
DA:3,1
DA:4,1
DA:5,1
DA:6,1
DA:7,1
DA:8,1
DA:9,1
DA:10,1
DA:11,1
DA:12,1
DA:13,1
DA:14,1
DA:15,17
DA:16,17
DA:17,17
DA:18,0
DA:19,0
DA:20,0
DA:21,17
DA:22,17
DA:23,17
DA:24,17
DA:25,17
DA:26,80
DA:27,80
DA:28,80
DA:29,80
DA:30,17
DA:31,17
DA:32,17
DA:33,17
DA:34,1
DA:35,1
LF:35
LH:32
BRDA:14,0,0,17
BRDA:25,1,0,80
BRF:2
BRH:2
end_of_record
TN:
SF:src/componenents/ToogleList/ToogleListItem/ToogleListItem.tsx
FN:11,ToogleListItem
FN:27,onClick
FN:33,onClick
FNF:3
FNH:1
FNDA:81,ToogleListItem
FNDA:0,onClick
FNDA:0,onClick
DA:1,1
DA:2,1
DA:3,1
DA:4,1
DA:5,1
DA:6,1
DA:7,1
DA:8,1
DA:9,1
DA:10,1
DA:11,1
DA:12,81
DA:13,81
DA:14,81
DA:15,81
DA:16,81
DA:17,81
DA:18,81
DA:19,81
DA:20,80
DA:21,80
DA:22,80
DA:23,80
DA:24,80
DA:25,80
DA:26,80
DA:27,80
DA:28,80
DA:29,81
DA:30,81
DA:31,81
DA:32,81
DA:33,81
DA:34,81
DA:35,81
DA:36,81
DA:37,81
DA:38,81
DA:39,81
DA:40,81
DA:41,81
DA:42,1
DA:43,1
LF:43
LH:43
BRDA:11,0,0,81
BRDA:18,1,0,80
BRDA:19,2,0,0
BRDA:20,3,0,80
BRDA:29,4,0,0
BRDA:29,5,0,80
BRDA:36,6,0,0
BRF:7
BRH:4
end_of_record
TN:
SF:src/componenents/ToogleList/ToogleListItem/index.tsx
FN:1,get
FNF:1
FNH:1
FNDA:40,get
DA:1,1
LF:1
LH:1
BRDA:1,0,0,40
BRF:1
BRH:1
end_of_record
