TN:
SF:src/componenents/Button/Button.tsx
FN:18,Button
FNF:1
FNH:1
FNDA:2,Button
DA:1,1
DA:2,1
DA:3,1
DA:4,1
DA:5,1
DA:6,1
DA:7,1
DA:8,1
DA:9,1
DA:10,1
DA:11,1
DA:12,1
DA:13,1
DA:14,1
DA:15,1
DA:16,1
DA:17,1
DA:18,1
DA:19,2
DA:20,2
DA:21,2
DA:22,2
DA:23,2
DA:24,2
DA:25,2
DA:26,2
DA:27,2
DA:28,1
DA:29,1
LF:29
LH:29
BRDA:18,0,0,2
BRDA:21,1,0,0
BRF:2
BRH:1
end_of_record
TN:
SF:src/componenents/Button/index.tsx
FN:1,get
FNF:1
FNH:0
FNDA:0,get
DA:1,1
LF:1
LH:1
BRF:0
BRH:0
end_of_record
TN:
SF:src/componenents/Form/Form.tsx
FN:11,Form
FN:15,handleSubmit
FN:23,handleClick
FN:63,upperCaseTheFirstLetter
FN:67,capitilize
FNF:5
FNH:5
FNDA:18,Form
FNDA:4,handleSubmit
FNDA:8,handleClick
FNDA:32,upperCaseTheFirstLetter
FNDA:32,capitilize
DA:1,1
DA:2,1
DA:3,1
DA:4,1
DA:5,1
DA:6,1
DA:7,1
DA:8,1
DA:9,1
DA:10,1
DA:11,1
DA:12,18
DA:13,18
DA:14,18
DA:15,18
DA:16,4
DA:17,4
DA:18,4
DA:19,4
DA:20,4
DA:21,18
DA:22,18
DA:23,18
DA:24,8
DA:25,8
DA:26,8
DA:27,8
DA:28,18
DA:29,18
DA:30,18
DA:31,18
DA:32,18
DA:33,18
DA:34,32
DA:35,32
DA:36,32
DA:37,32
DA:38,32
DA:39,32
DA:40,32
DA:41,32
DA:42,32
DA:43,32
DA:44,32
DA:45,32
DA:46,32
DA:47,32
DA:48,32
DA:49,18
DA:50,18
DA:51,18
DA:52,18
DA:53,0
DA:54,18
DA:55,18
DA:56,18
DA:57,18
DA:58,18
DA:59,18
DA:60,18
DA:61,18
DA:62,1
DA:63,1
DA:64,32
DA:65,32
DA:66,1
DA:67,1
DA:68,32
DA:69,32
DA:70,32
DA:71,32
DA:72,32
DA:73,1
DA:74,1
LF:74
LH:73
BRDA:11,0,0,18
BRDA:52,1,0,0
BRDA:15,2,0,4
BRDA:23,3,0,8
BRDA:33,4,0,32
BRDA:63,5,0,32
BRDA:67,6,0,32
BRDA:70,7,0,32
BRF:8
BRH:7
end_of_record
TN:
SF:src/componenents/Form/index.tsx
FN:1,get
FNF:1
FNH:0
FNDA:0,get
DA:1,1
LF:1
LH:1
BRF:0
BRH:0
end_of_record
TN:
SF:src/componenents/Slider/Slider.tsx
FN:15,FeaturesSection
FNF:1
FNH:0
FNDA:0,FeaturesSection
DA:1,1
DA:2,1
DA:3,1
DA:4,1
DA:5,1
DA:6,1
DA:7,1
DA:8,1
DA:9,1
DA:10,1
DA:11,1
DA:12,1
DA:13,1
DA:14,1
DA:15,1
DA:16,0
DA:17,0
DA:18,0
DA:19,0
DA:20,0
DA:21,0
DA:22,0
DA:23,0
DA:24,0
DA:25,0
DA:26,0
DA:27,0
DA:28,0
DA:29,0
DA:30,0
DA:31,0
DA:32,0
DA:33,0
DA:34,0
DA:35,0
DA:36,0
DA:37,0
DA:38,0
DA:39,0
DA:40,0
DA:41,0
DA:42,0
DA:43,0
DA:44,0
DA:45,0
DA:46,0
DA:47,0
DA:48,0
DA:49,0
DA:50,0
DA:51,0
DA:52,0
DA:53,0
DA:54,0
DA:55,0
DA:56,0
DA:57,0
DA:58,0
DA:59,0
DA:60,0
DA:61,0
DA:62,0
DA:63,0
DA:64,0
DA:65,0
DA:66,0
DA:67,0
DA:68,0
DA:69,0
DA:70,0
DA:71,0
DA:72,0
DA:73,1
DA:74,1
LF:74
LH:17
BRF:0
BRH:0
end_of_record
TN:
SF:src/componenents/Slider/index.tsx
FN:1,get
FNF:1
FNH:0
FNDA:0,get
DA:1,1
LF:1
LH:1
BRF:0
BRH:0
end_of_record
TN:
SF:src/componenents/Slider/Pagination/Pagination.tsx
FN:9,Pagination
FNF:1
FNH:0
FNDA:0,Pagination
DA:1,1
DA:2,1
DA:3,1
DA:4,1
DA:5,1
DA:6,1
DA:7,1
DA:8,1
DA:9,1
DA:10,0
DA:11,0
DA:12,0
DA:13,0
DA:14,0
DA:15,0
DA:16,0
DA:17,0
DA:18,0
DA:19,0
DA:20,0
DA:21,0
DA:22,0
DA:23,0
DA:24,0
DA:25,0
DA:26,0
DA:27,0
DA:28,0
DA:29,0
DA:30,0
DA:31,1
DA:32,1
LF:32
LH:11
BRF:0
BRH:0
end_of_record
TN:
SF:src/componenents/Tabs/Tabs.tsx
FN:16,Tabs
FN:17,handleClickOnTab
FN:27,handleClick
FNF:3
FNH:3
FNDA:2,Tabs
FNDA:1,handleClickOnTab
FNDA:1,handleClick
DA:1,1
DA:2,1
DA:3,1
DA:4,1
DA:5,1
DA:6,1
DA:7,1
DA:8,1
DA:9,1
DA:10,1
DA:11,1
DA:12,1
DA:13,1
DA:14,1
DA:15,1
DA:16,1
DA:17,2
DA:18,1
DA:19,2
DA:20,2
DA:21,2
DA:22,2
DA:23,2
DA:24,2
DA:25,2
DA:26,2
DA:27,2
DA:28,2
DA:29,2
DA:30,2
DA:31,2
DA:32,2
DA:33,1
DA:34,1
LF:34
LH:34
BRDA:16,0,0,2
BRDA:17,1,0,1
BRDA:23,2,0,2
BRDA:27,3,0,1
BRF:4
BRH:4
end_of_record
TN:
SF:src/componenents/Tabs/TabItem/TabItem.tsx
FN:9,TabItem
FNF:1
FNH:1
FNDA:2,TabItem
DA:1,1
DA:2,1
DA:3,1
DA:4,1
DA:5,1
DA:6,1
DA:7,1
DA:8,1
DA:9,1
DA:10,2
DA:11,2
DA:12,2
DA:13,2
DA:14,2
DA:15,0
DA:16,0
DA:17,2
DA:18,2
DA:19,2
DA:20,2
DA:21,2
DA:22,2
DA:23,2
DA:24,2
DA:25,2
DA:26,2
DA:27,2
DA:28,2
DA:29,2
DA:30,1
DA:31,1
LF:31
LH:29
BRDA:9,0,0,2
BRDA:14,1,0,0
BRDA:21,2,0,0
BRF:3
BRH:1
end_of_record
TN:
SF:src/componenents/Tabs/TabItem/index.tsx
FN:1,get
FNF:1
FNH:1
FNDA:2,get
DA:1,1
LF:1
LH:1
BRDA:1,0,0,2
BRF:1
BRH:1
end_of_record
TN:
SF:src/componenents/ToogleList/ToogleList.tsx
FN:14,ToogleList
FN:17,handleClickOnToogleChapter
FNF:2
FNH:2
FNDA:17,ToogleList
FNDA:9,handleClickOnToogleChapter
DA:1,1
DA:2,1
DA:3,1
DA:4,1
DA:5,1
DA:6,1
DA:7,1
DA:8,1
DA:9,1
DA:10,1
DA:11,1
DA:12,1
DA:13,1
DA:14,1
DA:15,17
DA:16,17
DA:17,17
DA:18,9
DA:19,9
DA:20,9
DA:21,17
DA:22,17
DA:23,17
DA:24,17
DA:25,17
DA:26,85
DA:27,85
DA:28,85
DA:29,85
DA:30,17
DA:31,17
DA:32,17
DA:33,17
DA:34,1
DA:35,1
LF:35
LH:35
BRDA:14,0,0,17
BRDA:17,1,0,9
BRDA:18,2,0,9
BRDA:19,3,0,1
BRDA:19,4,0,8
BRDA:25,5,0,85
BRF:6
BRH:6
end_of_record
TN:
SF:src/componenents/ToogleList/index.tsx
FN:1,get
FNF:1
FNH:0
FNDA:0,get
DA:1,1
LF:1
LH:1
BRF:0
BRH:0
end_of_record
TN:
SF:src/componenents/ToogleList/ToogleListItem/ToogleListItem.tsx
FN:11,ToogleListItem
FN:27,onClick
FN:33,onClick
FNF:3
FNH:2
FNDA:85,ToogleListItem
FNDA:0,onClick
FNDA:9,onClick
DA:1,1
DA:2,1
DA:3,1
DA:4,1
DA:5,1
DA:6,1
DA:7,1
DA:8,1
DA:9,1
DA:10,1
DA:11,1
DA:12,85
DA:13,85
DA:14,85
DA:15,85
DA:16,85
DA:17,85
DA:18,85
DA:19,85
DA:20,85
DA:21,85
DA:22,85
DA:23,85
DA:24,85
DA:25,85
DA:26,85
DA:27,85
DA:28,85
DA:29,85
DA:30,85
DA:31,85
DA:32,85
DA:33,85
DA:34,85
DA:35,85
DA:36,85
DA:37,85
DA:38,85
DA:39,85
DA:40,85
DA:41,85
DA:42,1
DA:43,1
LF:43
LH:43
BRDA:11,0,0,85
BRDA:19,1,0,0
BRDA:29,2,0,8
BRDA:29,3,0,77
BRDA:36,4,0,8
BRDA:33,5,0,9
BRF:6
BRH:5
end_of_record
TN:
SF:src/componenents/ToogleList/ToogleListItem/index.tsx
FN:1,get
FNF:1
FNH:1
FNDA:40,get
DA:1,1
LF:1
LH:1
BRDA:1,0,0,40
BRF:1
BRH:1
end_of_record
TN:
SF:src/layout/FeatureCard/FeatureCard.tsx
FN:7,FeatureCard
FNF:1
FNH:0
FNDA:0,FeatureCard
DA:1,1
DA:2,1
DA:3,1
DA:4,1
DA:5,1
DA:6,1
DA:7,1
DA:8,0
DA:9,0
DA:10,0
DA:11,0
DA:12,0
DA:13,0
DA:14,0
DA:15,0
DA:16,0
DA:17,0
DA:18,0
DA:19,0
DA:20,1
DA:21,1
LF:21
LH:9
BRF:0
BRH:0
end_of_record
TN:
SF:src/layout/FeatureCard/index.tsx
FN:1,get
FNF:1
FNH:0
FNDA:0,get
DA:1,1
LF:1
LH:1
BRF:0
BRH:0
end_of_record
TN:
SF:src/layout/FeatureGrid/FeatureGrid.tsx
FN:6,FeatureGrid
FNF:1
FNH:0
FNDA:0,FeatureGrid
DA:1,1
DA:2,1
DA:3,1
DA:4,1
DA:5,1
DA:6,1
DA:7,0
DA:8,0
DA:9,1
DA:10,1
LF:10
LH:8
BRF:0
BRH:0
end_of_record
TN:
SF:src/layout/FeatureGrid/index.tsx
FN:1,get
FNF:1
FNH:0
FNDA:0,get
DA:1,1
LF:1
LH:1
BRF:0
BRH:0
end_of_record
TN:
SF:src/layout/FeatureGrid/FeatureGridItem/FeatureGridItem.tsx
FN:7,FeatureGridItem
FNF:1
FNH:0
FNDA:0,FeatureGridItem
DA:1,1
DA:2,1
DA:3,1
DA:4,1
DA:5,1
DA:6,1
DA:7,1
DA:8,0
DA:9,0
DA:10,0
DA:11,0
DA:12,0
DA:13,0
DA:14,0
DA:15,0
DA:16,1
DA:17,1
LF:17
LH:9
BRF:0
BRH:0
end_of_record
TN:
SF:src/layout/FeatureGrid/FeatureGridItem/index.tsx
FN:1,get
FNF:1
FNH:0
FNDA:0,get
DA:1,1
LF:1
LH:1
BRF:0
BRH:0
end_of_record
TN:
SF:src/layout/FeaturesSection/FeaturesSection.tsx
FN:13,FeaturesSection
FNF:1
FNH:0
FNDA:0,FeaturesSection
DA:1,1
DA:2,1
DA:3,1
DA:4,1
DA:5,1
DA:6,1
DA:7,1
DA:8,1
DA:9,1
DA:10,1
DA:11,1
DA:12,1
DA:13,1
DA:14,0
DA:15,0
DA:16,0
DA:17,0
DA:18,0
DA:19,0
DA:20,0
DA:21,0
DA:22,0
DA:23,0
DA:24,0
DA:25,0
DA:26,0
DA:27,0
DA:28,0
DA:29,0
DA:30,0
DA:31,0
DA:32,0
DA:33,0
DA:34,0
DA:35,0
DA:36,0
DA:37,0
DA:38,0
DA:39,0
DA:40,0
DA:41,0
DA:42,0
DA:43,0
DA:44,0
DA:45,0
DA:46,0
DA:47,0
DA:48,0
DA:49,1
DA:50,1
LF:50
LH:15
BRF:0
BRH:0
end_of_record
TN:
SF:src/layout/FeaturesSection/index.tsx
FN:1,get
FNF:1
FNH:0
FNDA:0,get
DA:1,1
LF:1
LH:1
BRF:0
BRH:0
end_of_record
TN:
SF:src/layout/HeroSection/HeroSection.tsx
FN:5,HeroSection
FNF:1
FNH:0
FNDA:0,HeroSection
DA:1,1
DA:2,1
DA:3,1
DA:4,1
DA:5,1
DA:6,0
DA:7,0
DA:8,0
DA:9,0
DA:10,0
DA:11,0
DA:12,0
DA:13,0
DA:14,0
DA:15,0
DA:16,0
DA:17,0
DA:18,0
DA:19,0
DA:20,0
DA:21,0
DA:22,0
DA:23,0
DA:24,0
DA:25,0
DA:26,0
DA:27,0
DA:28,0
DA:29,0
DA:30,0
DA:31,0
DA:32,0
DA:33,0
DA:34,0
DA:35,0
DA:36,0
DA:37,0
DA:38,0
DA:39,0
DA:40,0
DA:41,0
DA:42,0
DA:43,0
DA:44,0
DA:45,0
DA:46,0
DA:47,0
DA:48,0
DA:49,0
DA:50,0
DA:51,0
DA:52,0
DA:53,0
DA:54,0
DA:55,0
DA:56,0
DA:57,0
DA:58,0
DA:59,0
DA:60,0
DA:61,0
DA:62,0
DA:63,0
DA:64,0
DA:65,0
DA:66,0
DA:67,0
DA:68,0
DA:69,0
DA:70,0
DA:71,0
DA:72,0
DA:73,0
DA:74,0
DA:75,0
DA:76,0
DA:77,0
DA:78,0
DA:79,0
DA:80,0
DA:81,0
DA:82,0
DA:83,0
DA:84,0
DA:85,0
DA:86,0
DA:87,0
DA:88,1
DA:89,1
LF:89
LH:7
BRF:0
BRH:0
end_of_record
TN:
SF:src/layout/NavBar/NavBar.tsx
FN:7,NavBar
FNF:1
FNH:1
FNDA:2,NavBar
DA:1,1
DA:2,1
DA:3,1
DA:4,1
DA:5,1
DA:6,1
DA:7,1
DA:8,2
DA:9,2
DA:10,2
DA:11,2
DA:12,2
DA:13,2
DA:14,2
DA:15,2
DA:16,2
DA:17,2
DA:18,2
DA:19,2
DA:20,2
DA:21,2
DA:22,2
DA:23,2
DA:24,2
DA:25,0
DA:26,2
DA:27,2
DA:28,2
DA:29,2
DA:30,2
DA:31,2
DA:32,2
DA:33,2
DA:34,2
DA:35,2
DA:36,2
DA:37,1
DA:38,1
LF:38
LH:37
BRDA:7,0,0,2
BRF:1
BRH:1
end_of_record
TN:
SF:src/layout/NavBar/index.tsx
FN:1,get
FNF:1
FNH:1
FNDA:2,get
DA:1,1
LF:1
LH:1
BRDA:1,0,0,2
BRF:1
BRH:1
end_of_record
TN:
SF:src/layout/QuestionnarySection/QuestionnarySection.tsx
FN:9,QuestionnarySection
FNF:1
FNH:0
FNDA:0,QuestionnarySection
DA:1,1
DA:2,1
DA:3,1
DA:4,1
DA:5,1
DA:6,1
DA:7,1
DA:8,1
DA:9,1
DA:10,0
DA:11,0
DA:12,0
DA:13,0
DA:14,0
DA:15,0
DA:16,0
DA:17,0
DA:18,0
DA:19,0
DA:20,0
DA:21,0
DA:22,0
DA:23,0
DA:24,0
DA:25,0
DA:26,0
DA:27,0
DA:28,0
DA:29,0
DA:30,0
DA:31,0
DA:32,0
DA:33,0
DA:34,0
DA:35,0
DA:36,0
DA:37,0
DA:38,0
DA:39,1
DA:40,1
LF:40
LH:11
BRF:0
BRH:0
end_of_record
TN:
SF:src/layout/QuestionnarySection/index.tsx
FN:1,get
FNF:1
FNH:0
FNDA:0,get
DA:1,1
LF:1
LH:1
BRF:0
BRH:0
end_of_record
TN:
SF:src/layout/Sheets/Sheets.tsx
FN:10,Sheets
FNF:1
FNH:0
FNDA:0,Sheets
DA:1,1
DA:2,1
DA:3,1
DA:4,1
DA:5,1
DA:6,1
DA:7,1
DA:8,1
DA:9,1
DA:10,1
DA:11,0
DA:12,0
DA:13,0
DA:14,0
DA:15,0
DA:16,0
DA:17,0
DA:18,1
DA:19,1
LF:19
LH:12
BRF:0
BRH:0
end_of_record
TN:
SF:src/layout/Sheets/index.tsx
FN:1,get
FNF:1
FNH:0
FNDA:0,get
DA:1,1
LF:1
LH:1
BRF:0
BRH:0
end_of_record
TN:
SF:src/layout/Sheets/SheetsCard/SheetsCard.tsx
FN:11,SheetsCard
FNF:1
FNH:0
FNDA:0,SheetsCard
DA:1,1
DA:2,1
DA:3,1
DA:4,1
DA:5,1
DA:6,1
DA:7,1
DA:8,1
DA:9,1
DA:10,1
DA:11,1
DA:12,0
DA:13,0
DA:14,0
DA:15,0
DA:16,0
DA:17,0
DA:18,0
DA:19,0
DA:20,0
DA:21,0
DA:22,0
DA:23,0
DA:24,0
DA:25,0
DA:26,0
DA:27,0
DA:28,0
DA:29,0
DA:30,0
DA:31,0
DA:32,0
DA:33,0
DA:34,0
DA:35,0
DA:36,0
DA:37,0
DA:38,0
DA:39,0
DA:40,1
DA:41,1
LF:41
LH:13
BRF:0
BRH:0
end_of_record
TN:
SF:src/layout/Sheets/SheetsCard/index.tsx
FN:1,get
FNF:1
FNH:0
FNDA:0,get
DA:1,1
LF:1
LH:1
BRF:0
BRH:0
end_of_record
TN:
SF:src/layout/Sheets/SheetsCard/SheetsCardIcons/SheetsCardIcons.tsx
FN:12,SheetsCardIcons
FNF:1
FNH:0
FNDA:0,SheetsCardIcons
DA:1,1
DA:2,1
DA:3,1
DA:4,1
DA:5,1
DA:6,1
DA:7,1
DA:8,1
DA:9,1
DA:10,1
DA:11,1
DA:12,1
DA:13,0
DA:14,0
DA:15,0
DA:16,0
DA:17,0
DA:18,0
DA:19,0
DA:20,0
DA:21,0
DA:22,0
DA:23,0
DA:24,0
DA:25,0
DA:26,0
DA:27,0
DA:28,0
DA:29,0
DA:30,0
DA:31,0
DA:32,0
DA:33,0
DA:34,0
DA:35,0
DA:36,0
DA:37,0
DA:38,1
DA:39,1
LF:39
LH:14
BRF:0
BRH:0
end_of_record
TN:
SF:src/layout/Sheets/SheetsCard/SheetsCardIcons/index.tsx
FN:1,get
FNF:1
FNH:0
FNDA:0,get
DA:1,1
LF:1
LH:1
BRF:0
BRH:0
end_of_record
TN:
SF:src/layout/Sheets/SheetsSlider/SheetsSlider.tsx
FN:11,SheetsSlider
FNF:1
FNH:0
FNDA:0,SheetsSlider
DA:1,1
DA:2,1
DA:3,1
DA:4,1
DA:5,1
DA:6,1
DA:7,1
DA:8,1
DA:9,1
DA:10,1
DA:11,1
DA:12,0
DA:13,0
DA:14,0
DA:15,0
DA:16,0
DA:17,0
DA:18,0
DA:19,0
DA:20,0
DA:21,0
DA:22,0
DA:23,0
DA:24,0
DA:25,1
DA:26,1
LF:26
LH:13
BRF:0
BRH:0
end_of_record
TN:
SF:src/layout/Sheets/SheetsSlider/index.tsx
FN:1,get
FNF:1
FNH:0
FNDA:0,get
DA:1,1
LF:1
LH:1
BRF:0
BRH:0
end_of_record
TN:
SF:src/layout/SidebarMenu/SidebarMenu.tsx
FN:7,SidebarMenu
FNF:1
FNH:0
FNDA:0,SidebarMenu
DA:1,1
DA:2,1
DA:3,1
DA:4,1
DA:5,1
DA:6,1
DA:7,1
DA:8,0
DA:9,0
DA:10,0
DA:11,0
DA:12,0
DA:13,0
DA:14,0
DA:15,0
DA:16,1
DA:17,1
LF:17
LH:9
BRF:0
BRH:0
end_of_record
TN:
SF:src/layout/SidebarMenu/index.tsx
FN:1,get
FNF:1
FNH:0
FNDA:0,get
DA:1,1
LF:1
LH:1
BRF:0
BRH:0
end_of_record
TN:
SF:src/layout/SidebarMenu/SidebarItems/SidebarItems.tsx
FN:10,SidebarItems
FNF:1
FNH:0
FNDA:0,SidebarItems
DA:1,1
DA:2,1
DA:3,1
DA:4,1
DA:5,1
DA:6,1
DA:7,1
DA:8,1
DA:9,1
DA:10,1
DA:11,0
DA:12,0
DA:13,0
DA:14,0
DA:15,0
DA:16,0
DA:17,0
DA:18,0
DA:19,0
DA:20,0
DA:21,0
DA:22,0
DA:23,0
DA:24,0
DA:25,0
DA:26,0
DA:27,0
DA:28,0
DA:29,0
DA:30,0
DA:31,0
DA:32,0
DA:33,1
DA:34,1
LF:34
LH:12
BRF:0
BRH:0
end_of_record
TN:
SF:src/layout/SidebarMenu/SidebarItems/index.tsx
FN:1,get
FNF:1
FNH:0
FNDA:0,get
DA:1,1
LF:1
LH:1
BRF:0
BRH:0
end_of_record
TN:
SF:src/layout/TeachingUnit/TeachingUnit.tsx
FN:12,TeachingUnit
FNF:1
FNH:1
FNDA:4,TeachingUnit
DA:1,1
DA:2,1
DA:3,1
DA:4,1
DA:5,1
DA:6,1
DA:7,1
DA:8,1
DA:9,1
DA:10,1
DA:11,1
DA:12,1
DA:13,4
DA:14,4
DA:15,4
DA:16,4
DA:17,4
DA:18,4
DA:19,4
DA:20,4
DA:21,4
DA:22,4
DA:23,4
DA:24,4
DA:25,4
DA:26,4
DA:27,4
DA:28,4
DA:29,4
DA:30,4
DA:31,4
DA:32,4
DA:33,4
DA:34,4
DA:35,4
DA:36,4
DA:37,4
DA:38,4
DA:39,4
DA:40,4
DA:41,1
DA:42,1
LF:42
LH:42
BRDA:12,0,0,4
BRDA:24,1,0,4
BRF:2
BRH:2
end_of_record
TN:
SF:src/layout/TeachingUnit/index.tsx
FN:1,get
FNF:1
FNH:1
FNDA:4,get
DA:1,1
LF:1
LH:1
BRDA:1,0,0,4
BRF:1
BRH:1
end_of_record
TN:
SF:src/pages/LandingPage.tsx
FN:13,LandingPage
FNF:1
FNH:0
FNDA:0,LandingPage
DA:1,1
DA:2,1
DA:3,1
DA:4,1
DA:5,1
DA:6,1
DA:7,1
DA:8,1
DA:9,1
DA:10,1
DA:11,1
DA:12,1
DA:13,1
DA:14,0
DA:15,0
DA:16,0
DA:17,0
DA:18,0
DA:19,0
DA:20,0
DA:21,0
DA:22,0
DA:23,0
DA:24,0
DA:25,0
DA:26,0
DA:27,0
DA:28,0
DA:29,0
DA:30,0
DA:31,0
DA:32,0
DA:33,0
DA:34,0
DA:35,0
DA:36,0
DA:37,0
DA:38,0
DA:39,0
DA:40,0
DA:41,0
DA:42,0
DA:43,0
DA:44,0
DA:45,0
DA:46,0
DA:47,0
DA:48,0
DA:49,0
DA:50,0
DA:51,0
DA:52,0
DA:53,0
DA:54,1
DA:55,1
DA:56,1
LF:56
LH:16
BRF:0
BRH:0
end_of_record
TN:
SF:src/pages/AmuData/formOptions.ts
FN:5,createInitFormOptions
FNF:1
FNH:0
FNDA:0,createInitFormOptions
DA:1,1
DA:2,1
DA:3,1
DA:4,1
DA:5,1
DA:6,0
DA:7,0
DA:8,0
DA:9,0
DA:10,0
DA:11,0
DA:12,0
DA:13,0
DA:14,0
DA:15,0
DA:16,0
DA:17,0
DA:18,0
DA:19,0
DA:20,0
DA:21,0
DA:22,0
DA:23,0
DA:24,0
DA:25,0
DA:26,0
DA:27,0
DA:28,0
DA:29,0
DA:30,0
DA:31,0
DA:32,0
DA:33,1
DA:34,1
LF:34
LH:7
BRF:0
BRH:0
end_of_record
TN:
SF:src/pages/CursusPage/CursusPage.tsx
FN:11,CursusPage
FNF:1
FNH:1
FNDA:2,CursusPage
DA:1,1
DA:2,1
DA:3,1
DA:4,1
DA:5,1
DA:6,1
DA:7,1
DA:8,1
DA:9,1
DA:10,1
DA:11,1
DA:12,2
DA:13,2
DA:14,2
DA:15,2
DA:16,2
DA:17,2
DA:18,2
DA:19,2
DA:20,2
DA:21,2
DA:22,2
DA:23,2
DA:24,2
DA:25,2
DA:26,2
DA:27,2
DA:28,2
DA:29,2
DA:30,2
DA:31,2
DA:32,2
DA:33,2
DA:34,2
DA:35,2
DA:36,2
DA:37,2
DA:38,2
DA:39,2
DA:40,2
DA:41,2
DA:42,2
DA:43,2
DA:44,2
DA:45,2
DA:46,1
DA:47,1
LF:47
LH:47
BRDA:11,0,0,2
BRDA:20,1,0,2
BRF:2
BRH:2
end_of_record
TN:
SF:src/pages/CursusPage/index.tsx
FN:1,get
FNF:1
FNH:1
FNDA:2,get
DA:1,1
LF:1
LH:1
BRDA:1,0,0,2
BRF:1
BRH:1
end_of_record
TN:
SF:src/pages/ErrorPage/ErrorPage.tsx
FN:3,ErrorPage
FNF:1
FNH:1
FNDA:1,ErrorPage
DA:1,1
DA:2,1
DA:3,1
DA:4,1
DA:5,1
DA:6,1
DA:7,1
LF:7
LH:7
BRDA:3,0,0,1
BRF:1
BRH:1
end_of_record
TN:
SF:src/pages/ErrorPage/index.tsx
FN:1,get
FNF:1
FNH:1
FNDA:1,get
DA:1,1
LF:1
LH:1
BRDA:1,0,0,1
BRF:1
BRH:1
end_of_record
TN:
SF:src/pages/UePage/UePage.tsx
FN:15,UePage
FNF:1
FNH:0
FNDA:0,UePage
DA:1,1
DA:2,1
DA:3,1
DA:4,1
DA:5,1
DA:6,1
DA:7,1
DA:8,1
DA:9,1
DA:10,1
DA:11,1
DA:12,1
DA:13,1
DA:14,1
DA:15,1
DA:16,0
DA:17,0
DA:18,0
DA:19,0
DA:20,0
DA:21,0
DA:22,0
DA:23,0
DA:24,0
DA:25,0
DA:26,0
DA:27,0
DA:28,0
DA:29,0
DA:30,0
DA:31,0
DA:32,0
DA:33,0
DA:34,0
DA:35,0
DA:36,0
DA:37,0
DA:38,0
DA:39,0
DA:40,0
DA:41,0
DA:42,0
DA:43,0
DA:44,0
DA:45,0
DA:46,0
DA:47,0
DA:48,0
DA:49,0
DA:50,0
DA:51,0
DA:52,0
DA:53,0
DA:54,0
DA:55,0
DA:56,0
DA:57,0
DA:58,0
DA:59,0
DA:60,0
DA:61,0
DA:62,0
DA:63,0
DA:64,0
DA:65,0
DA:66,0
DA:67,0
DA:68,0
DA:69,0
DA:70,0
DA:71,0
DA:72,0
DA:73,0
DA:74,0
DA:75,0
DA:76,0
DA:77,0
DA:78,1
DA:79,1
LF:79
LH:17
BRF:0
BRH:0
end_of_record
TN:
SF:src/pages/UePage/index.tsx
FN:1,get
FNF:1
FNH:0
FNDA:0,get
DA:1,1
LF:1
LH:1
BRF:0
BRH:0
end_of_record
TN:
SF:src/pages/UrlHandler/UrlHandler.tsx
FN:17,UrlHandler
FN:40,retreiveDataPageFromUrl
FN:52,parseUrl
FN:57,retrieveDataWithKeys
FNF:4
FNH:4
FNDA:3,UrlHandler
FNDA:3,retreiveDataPageFromUrl
FNDA:3,parseUrl
FNDA:3,retrieveDataWithKeys
DA:1,1
DA:2,1
DA:3,1
DA:4,1
DA:5,1
DA:6,1
DA:7,1
DA:8,1
DA:9,1
DA:10,1
DA:11,1
DA:12,1
DA:13,1
DA:14,1
DA:15,1
DA:16,1
DA:17,1
DA:18,3
DA:19,3
DA:20,3
DA:21,3
DA:22,3
DA:23,3
DA:24,3
DA:25,3
DA:26,3
DA:27,3
DA:28,2
DA:29,0
DA:30,2
DA:31,2
DA:32,2
DA:33,3
DA:34,1
DA:35,3
DA:36,3
DA:37,3
DA:38,3
DA:39,1
DA:40,1
DA:41,3
DA:42,3
DA:43,3
DA:44,3
DA:45,3
DA:46,3
DA:47,1
DA:48,1
DA:49,3
DA:50,3
DA:51,1
DA:52,1
DA:53,3
DA:54,3
DA:55,3
DA:56,3
DA:57,1
DA:58,3
DA:59,3
DA:60,3
DA:61,1
DA:62,1
DA:63,2
DA:64,3
DA:65,3
DA:66,3
DA:67,3
DA:68,1
DA:69,1
LF:69
LH:68
BRDA:17,0,0,3
BRDA:22,1,0,0
BRDA:27,2,0,2
BRDA:28,3,0,0
BRDA:33,4,0,1
BRDA:40,5,0,3
BRDA:46,6,0,1
BRDA:52,7,0,3
BRDA:57,8,0,3
BRDA:59,9,0,3
BRDA:60,10,0,1
BRDA:63,11,0,2
BRF:12
BRH:10
end_of_record
TN:
SF:src/pages/UrlHandler/index.tsx
FN:1,get
FNF:1
FNH:1
FNDA:3,get
DA:1,1
LF:1
LH:1
BRDA:1,0,0,3
BRF:1
BRH:1
end_of_record
TN:
SF:src/utils/stringMethods.ts
FN:1,lowerCaseTheFirstLetter
FN:5,removeFirstCharacterOf
FN:9,upperCaseTheFirstLetter
FN:13,capitilize
FNF:4
FNH:2
FNDA:3,lowerCaseTheFirstLetter
FNDA:3,removeFirstCharacterOf
FNDA:0,upperCaseTheFirstLetter
FNDA:0,capitilize
DA:1,1
DA:2,3
DA:3,3
DA:4,1
DA:5,1
DA:6,3
DA:7,3
DA:8,1
DA:9,1
DA:10,0
DA:11,0
DA:12,1
DA:13,1
DA:14,0
DA:15,0
DA:16,0
DA:17,0
DA:18,0
DA:19,1
DA:20,1
DA:21,1
DA:22,1
DA:23,1
DA:24,1
DA:25,1
LF:25
LH:18
BRDA:1,0,0,3
BRDA:5,1,0,3
BRF:2
BRH:2
end_of_record
